<?xml version="1.0" encoding="UTF-8"?>
<!-- Generated by org.testng.reporters.JUnitXMLReporter -->
<testsuite ignored="0" hostname="DESKTOP-KK6D3DK" failures="0" tests="3" name="Automation Test Cases" time="41.207" errors="0" timestamp="24 Dec 2019 03:35:29 GMT">
  <testcase classname="com.citis.testcases.LoginPageTest" name="loginPageTitle" time="0.526"/>
  <testcase classname="com.citis.testcases.LoginPageTest" name="LogoimmageTest" time="0.063"/>
  <testcase classname="com.citis.testcases.LoginPageTest" name="loginTest" time="3.831"/>
</testsuite> <!-- Automation Test Cases -->
