<?xml version="1.0" encoding="UTF-8"?>
<!-- Generated by org.testng.reporters.JUnitXMLReporter -->
<testsuite ignored="0" hostname="DESKTOP-KK6D3DK" failures="0" tests="3" name="Automation Test Cases" time="40.388" errors="0" timestamp="24 Dec 2019 02:51:22 GMT">
  <testcase classname="com.citis.testcases.LoginPageTest" name="loginPageTitle" time="0.401"/>
  <testcase classname="com.citis.testcases.LoginPageTest" name="LogoimmageTest" time="0.071"/>
  <testcase classname="com.citis.testcases.LoginPageTest" name="loginTest" time="3.734"/>
</testsuite> <!-- Automation Test Cases -->
