<?xml version="1.0" encoding="UTF-8"?>
<!-- Generated by org.testng.reporters.JUnitXMLReporter -->
<testsuite ignored="0" hostname="DESKTOP-KK6D3DK" failures="0" tests="3" name="Default test" time="41.751" errors="0" timestamp="25 Dec 2019 14:08:58 GMT">
  <testcase classname="com.citis.testcases.LoginPageTest" name="loginPageTitle" time="0.429"/>
  <testcase classname="com.citis.testcases.LoginPageTest" name="LogoimmageTest" time="0.057"/>
  <testcase classname="com.citis.testcases.LoginPageTest" name="loginTest" time="3.566"/>
</testsuite> <!-- Default test -->
