<?xml version="1.0" encoding="UTF-8"?>
<!-- Generated by org.testng.reporters.JUnitXMLReporter -->
<testsuite ignored="0" hostname="DESKTOP-KK6D3DK" failures="0" tests="3" name="Default test" time="43.573" errors="0" timestamp="24 Dec 2019 02:38:54 GMT">
  <testcase classname="com.citis.testcases.LoginPageTest" name="loginPageTitle" time="0.384"/>
  <testcase classname="com.citis.testcases.LoginPageTest" name="LogoimmageTest" time="0.068"/>
  <testcase classname="com.citis.testcases.LoginPageTest" name="loginTest" time="5.064"/>
</testsuite> <!-- Default test -->
