<?xml version="1.0" encoding="UTF-8"?>
<testng-results ignored="0" total="3" passed="3" failed="0" skipped="0">
  <reporter-output>
  </reporter-output>
  <suite started-at="2019-12-24T03:34:48Z" name="Application Test Automation Test Suite" finished-at="2019-12-24T03:35:29Z" duration-ms="41207">
    <groups>
    </groups>
    <test started-at="2019-12-24T03:34:48Z" name="Automation Test Cases" finished-at="2019-12-24T03:35:29Z" duration-ms="41207">
      <class name="com.citis.testcases.LoginPageTest">
        <test-method is-config="true" signature="setUp()[pri:0, instance:com.citis.testcases.LoginPageTest@d21a74c]" started-at="2019-12-24T03:34:48Z" name="setUp" finished-at="2019-12-24T03:35:00Z" duration-ms="12013" status="PASS">
          <reporter-output>
          </reporter-output>
        </test-method> <!-- setUp -->
        <test-method signature="loginPageTitle()[pri:1, instance:com.citis.testcases.LoginPageTest@d21a74c]" started-at="2019-12-24T03:35:00Z" name="loginPageTitle" finished-at="2019-12-24T03:35:00Z" duration-ms="526" status="PASS">
          <reporter-output>
          </reporter-output>
        </test-method> <!-- loginPageTitle -->
        <test-method is-config="true" signature="tearDown()[pri:0, instance:com.citis.testcases.LoginPageTest@d21a74c]" started-at="2019-12-24T03:35:00Z" name="tearDown" finished-at="2019-12-24T03:35:02Z" duration-ms="1273" status="PASS">
          <reporter-output>
          </reporter-output>
        </test-method> <!-- tearDown -->
        <test-method is-config="true" signature="setUp()[pri:0, instance:com.citis.testcases.LoginPageTest@d21a74c]" started-at="2019-12-24T03:35:02Z" name="setUp" finished-at="2019-12-24T03:35:12Z" duration-ms="10637" status="PASS">
          <reporter-output>
          </reporter-output>
        </test-method> <!-- setUp -->
        <test-method signature="LogoimmageTest()[pri:2, instance:com.citis.testcases.LoginPageTest@d21a74c]" started-at="2019-12-24T03:35:12Z" name="LogoimmageTest" finished-at="2019-12-24T03:35:12Z" duration-ms="63" status="PASS">
          <reporter-output>
          </reporter-output>
        </test-method> <!-- LogoimmageTest -->
        <test-method is-config="true" signature="tearDown()[pri:0, instance:com.citis.testcases.LoginPageTest@d21a74c]" started-at="2019-12-24T03:35:12Z" name="tearDown" finished-at="2019-12-24T03:35:14Z" duration-ms="1197" status="PASS">
          <reporter-output>
          </reporter-output>
        </test-method> <!-- tearDown -->
        <test-method is-config="true" signature="setUp()[pri:0, instance:com.citis.testcases.LoginPageTest@d21a74c]" started-at="2019-12-24T03:35:14Z" name="setUp" finished-at="2019-12-24T03:35:24Z" duration-ms="10683" status="PASS">
          <reporter-output>
          </reporter-output>
        </test-method> <!-- setUp -->
        <test-method signature="loginTest()[pri:3, instance:com.citis.testcases.LoginPageTest@d21a74c]" started-at="2019-12-24T03:35:24Z" name="loginTest" finished-at="2019-12-24T03:35:28Z" duration-ms="3831" status="PASS">
          <reporter-output>
          </reporter-output>
        </test-method> <!-- loginTest -->
        <test-method is-config="true" signature="tearDown()[pri:0, instance:com.citis.testcases.LoginPageTest@d21a74c]" started-at="2019-12-24T03:35:28Z" name="tearDown" finished-at="2019-12-24T03:35:29Z" duration-ms="936" status="PASS">
          <reporter-output>
          </reporter-output>
        </test-method> <!-- tearDown -->
      </class> <!-- com.citis.testcases.LoginPageTest -->
    </test> <!-- Automation Test Cases -->
  </suite> <!-- Application Test Automation Test Suite -->
</testng-results>
